SLF4J: Class path contains multiple SLF4J bindings.
SLF4J: Found binding in [jar:file:/Users/johnahn/Research/DynamicExtractionFile/Slicer4J/Slicer4J/target/slicer4j-jar-with-dependencies.jar!/org/slf4j/impl/StaticLoggerBinder.class]
SLF4J: Found binding in [jar:file:/Users/johnahn/Research/DynamicExtractionFile/Slicer4J/Slicer4J/target/lib/soot-infoflow-2.9.0.jar!/org/slf4j/impl/StaticLoggerBinder.class]
SLF4J: Found binding in [jar:file:/Users/johnahn/Research/DynamicExtractionFile/Slicer4J/Slicer4J/target/lib/slf4j-simple-1.7.5.jar!/org/slf4j/impl/StaticLoggerBinder.class]
SLF4J: See http://www.slf4j.org/codes.html#multiple_bindings for an explanation.
SLF4J: Actual binding is of type [org.slf4j.impl.SimpleLoggerFactory]
[main] INFO JimpleWriter - initialize (17): Initializing Instrumenter
[main] INFO JimpleWriter - initialize (30): Initialization done
[main] INFO JimpleWriter - start (37): Running packs ... 
[main] INFO JimpleWriter - start (39): Writing output ... 
[main] INFO JimpleWriter - start (41): Output written ... 
[main] INFO JavaInstrumenter - initialize (79): Initializing Instrumenter
[main] INFO JavaInstrumenter - initialize (98): Initialization done
[main] INFO JavaInstrumenter - start (252): Running packs ... 
[main] INFO JavaInstrumenter - start (256): Writing names of instrumented classes ... 
[main] INFO JavaInstrumenter - start (272): Writing output ... 
[main] INFO JavaInstrumenter - start (274): Output written ... 
[main] INFO JavaInstrumenter - start (276): Writing log file... 
[main] INFO JavaInstrumenter - start (288): Number of Jimple statements (jarSize): 32
[main] INFO JavaInstrumenter - start (289): Writing JAR
[main] INFO JavaInstrumenter - start (291): Soot file: /Users/johnahn/Research/DynamicExtractionFile/sootOutput
[main] INFO JavaInstrumenter - start (292): Soot file is directory?: true
[main] INFO JavaInstrumenter - start (304): Writing size file ... 
[main] INFO JavaInstrumenter - start (316): Number of classes: 8
[main] INFO JavaInstrumenter - start (343): Instrumentation done: file wrote /Users/johnahn/Research/DynamicExtractionFile/traces/test-1.0-SNAPSHOT_i.jar
